[2023-06-18 16:12:52] Utilizatorul John Petardierul [#1] s-a deconectat.
[2023-06-18 17:12:55] Utilizatorul John Petardierul [#1] s-a autentificat.
[2023-06-18 16:14:10] Utilizatorul John Petardierul [#1] s-a deconectat.
[2023-06-18 17:14:57] Utilizator nou înregistrat: asdfasfasfga asdgasdgasg [#61]
[2023-06-18 17:19:58] Utilizatorul John1 Petardierul [#1] și-a actualizat profilul.
[2023-06-18 17:20:18] Utilizatorul John Petardierul [#1] și-a actualizat parola.
[2023-06-18 17:20:47] Utilizatorul asdfasfasfga asdgasdgasg [#61] s-a autentificat.
[2023-06-18 16:20:52] Utilizatorul asdfasfasfga asdgasdgasg [#61] s-a deconectat.
[2023-06-18 17:20:56] Utilizatorul asdfasfasfga asdgasdgasg [#61] s-a autentificat.
[2023-06-18 17:21:02] Utilizatorul asdfasfasfga asdgasdgasg [#61] a șters contul.
[2023-06-18 17:26:48] Contul utilizatorului [#19] a fost șters de către administratorul John Petardierul [#1].
[2023-06-18 17:27:33] Contul utilizatorului [#14] a fost blocat de către administratorul John Petardierul [#1].
[2023-06-18 17:31:27] Profilul utilizatorului   [#13] a fost modificat de către administratorul John Petardierul.
[2023-06-18 17:31:41] Profilul utilizatorului   [#13] a fost modificat de către administratorul John Petardierul.
[2023-06-18 17:32:38] Profilul utilizatorului   [#15] a fost modificat de către administratorul John Petardierul.
[2023-06-18 17:32:53] Profilul utilizatorului   [#15] a fost modificat de către administratorul John Petardierul.
[2023-06-18 17:33:51] Profilul utilizatorului John Fermieru [#12] a fost modificat de către administratorul John Petardierul.
[2023-06-18 17:33:52] Profilul utilizatorului John Fermieru [#12] a fost modificat de către administratorul John Petardierul.
[2023-06-18 17:33:59] Profilul utilizatorului test2  [#14] a fost modificat de către administratorul John Petardierul.
[2023-06-18 17:34:13] Profilul utilizatorului test2  [#14] a fost modificat de către administratorul John Petardierul.
[2023-06-18 17:35:11] Profilul utilizatorului John Fermieru [#12] a fost modificat de către administratorul John Petardierul.
[2023-06-18 17:37:11] Profilul (Date Personale) utilizatorului John Fermieru [#12] a fost modificat de către administratorul John Petardierul.
[2023-06-18 17:37:22] Profilul (Job) utilizatorului Test1 prostu [#13] a fost modificat de către administratorul John Petardierul.
[2023-06-18 18:12:53] Utilizatorul John1 Petardierul [#1] s-a autentificat.
[2023-06-20 13:33:20] Utilizatorul John1 Petardierul [#1] s-a autentificat.
[2023-06-20 13:34:23] Administratorul John1 Petardierul [#1] a postat un nou blog.
[2023-06-21 03:19:53] Utilizatorul John1 Petardierul [#1] s-a autentificat.
[2023-06-21 03:42:36] Utilizator nou înregistrat: asdfaf asdfa [#62]
[2023-06-21 03:43:52] Utilizator nou înregistrat: dfgsdgfs sdfgsdfgs [#63]
[2023-06-21 03:45:40] Utilizator nou înregistrat: adsfasdf sadgasdgas [#64]
[2023-06-21 03:49:05] Utilizator nou înregistrat: asdhgasdha asdhasdhasa [#65]
[2023-06-21 03:50:28] Utilizator nou înregistrat: asdasg asdgasdg [#66]
[2023-06-21 03:53:55] Utilizator nou înregistrat: adsfasf asdfaf [#67]
[2023-06-21 03:58:09] Utilizator nou înregistrat: asdgasg asdghashd@yahoo.com [#68]
[2023-06-21 03:59:04] Utilizator nou înregistrat: asdfafd asdf [#69]
[2023-06-21 04:05:17] Utilizator nou înregistrat: asdfasdf asdgasgas [#70]
[2023-06-21 04:08:15] Utilizator nou înregistrat: asdfasfdas asdfasdf [#71]
[2023-06-21 04:12:32] Utilizator nou înregistrat: sadgasg asdga [#72]
[2023-06-21 13:13:10] Utilizatorul John1 Petardierul [#1] s-a autentificat.
[2023-06-21 13:15:50] Contul utilizatorului [#49] a fost șters de către administratorul John1 Petardierul [#1].
[2023-06-21 13:33:34] Profilul (Date Personale) utilizatorului sadfg  [#8] a fost modificat de către administratorul John1 Petardierul [#1].
[2023-06-21 13:33:51] Profilul (Date Personale) utilizatorului Prost Iidot [#8] a fost modificat de către administratorul John1 Petardierul [#1].
[2023-06-21 13:34:02] Profilul (Date Personale) utilizatorului Prost Iidot [#8] a fost modificat de către administratorul John1 Petardierul [#1].
[2023-06-21 13:34:15] Profilul (Date Personale) utilizatorului Prost Iidot [#8] a fost modificat de către administratorul John1 Petardierul [#1].
[2023-06-21 13:34:20] Profilul (Date Personale) utilizatorului Prost Iidot [#8] a fost modificat de către administratorul John1 Petardierul [#1].
[2023-06-21 13:34:26] Profilul (Date Personale) utilizatorului Prost Iidot [#8] a fost modificat de către administratorul John1 Petardierul [#1].
[2023-06-21 13:35:00] Profilul (Job) utilizatorului Prost Iidot [#8] a fost modificat de către administratorul John1 Petardierul.
[2023-06-21 13:35:28] Profilul (Date Cont) utilizatorului Prost Iidot [#8] a fost modificat de către administratorul John1 Petardierul [#1].
[2023-06-21 13:35:52] Profilul (Date Cont) utilizatorului Prost Iidot [#8] a fost modificat de către administratorul John1 Petardierul [#1].
[2023-06-21 13:35:57] Profilul (Date Cont) utilizatorului Prost Iidot [#8] a fost modificat de către administratorul John1 Petardierul [#1].
[2023-06-21 13:36:01] Profilul (Date Cont) utilizatorului Prost Iidot [#8] a fost modificat de către administratorul John1 Petardierul [#1].
[2023-06-21 13:38:18] Profilul (Date Cont) utilizatorului Prost Iidot [#8] a fost modificat de către administratorul John1 Petardierul [#1].
[2023-06-21 13:38:28] Profilul (Date Cont) utilizatorului Prost Iidot [#8] a fost modificat de către administratorul John1 Petardierul [#1].
[2023-06-21 13:39:43] Profilul (Date Personale) utilizatorului Prost Iidot [#8] a fost modificat de către administratorul John1 Petardierul [#1].
[2023-06-21 13:42:54] Profilul (Date Personale) utilizatorului Prost Iidot [#8] a fost modificat de către administratorul John1 Petardierul [#1].
[2023-06-21 13:43:00] Profilul (Date Personale) utilizatorului Prost Iidot [#8] a fost modificat de către administratorul John1 Petardierul [#1].
[2023-06-21 13:45:06] Utilizator nou înregistrat: cienva cvaaga [#73]
[2023-06-21 13:50:35] Utilizatorul cienva cvaaga [#73] s-a autentificat.
[2023-06-21 12:51:42] Utilizatorul John1 Petardierul [#1] s-a deconectat.
[2023-06-21 20:30:11] Utilizatorul John1 Petardierul [#1] s-a autentificat.
[2023-06-21 19:30:31] Utilizatorul John1 Petardierul [#1] s-a deconectat.
[2023-06-23 01:57:14] Utilizatorul John1 Petardierul [#1] s-a autentificat.
[2023-06-23 01:36:12] Utilizatorul John1 Petardierul [#1] s-a deconectat.
[2023-06-23 03:02:02] Utilizatorul John1 Petardierul [#1] s-a autentificat.
[2023-06-23 02:02:52] Utilizatorul John1 Petardierul [#1] s-a deconectat.
[2023-06-26 13:41:16] Utilizatorul John1 Petardierul [#1] s-a autentificat.
[2023-06-26 21:25:33] Utilizatorul John1 Petardierul [#1] s-a autentificat.
[2023-06-26 21:26:01] Administratorul John1 Petardierul [#1] a postat un nou blog.
[2023-06-26 22:40:27] Utilizatorul John1 Petardierul [#1] s-a autentificat.
[2023-06-26 22:40:55] Administratorul John1 Petardierul [#1] a postat un nou blog.
[2023-06-26 23:41:00] Utilizator nou înregistrat: Banu Matei [#80]
[2023-06-26 23:42:14] Utilizatorul John1 Petardierul [#1] s-a autentificat.
[2023-06-26 23:43:06] Profilul (Date Cont) utilizatorului Banu Matei [#80] a fost modificat de către administratorul John1 Petardierul [#1].
[2023-06-26 23:43:21] Utilizatorul Banu Matei [#80] s-a autentificat.
[2023-06-27 08:59:05] Utilizatorul John1 Petardierul [#1] s-a autentificat.
[2023-06-27 08:59:57] Postarea cu numărul [#77] a fost modificată de către administratorul John1 Petardierul [#1].
[2023-06-27 09:00:25] Postarea cu numărul [#77] a fost modificată de către administratorul John1 Petardierul [#1].
[2023-06-27 09:00:52] Postarea cu numărul [#77] a fost modificată de către administratorul John1 Petardierul [#1].
[2023-06-27 09:42:54] Postarea cu numărul [#78] a fost modificată de către administratorul John1 Petardierul [#1].
[2023-06-27 09:48:43] Postarea cu numărul [#78] a fost modificată de către administratorul John1 Petardierul [#1].
[2023-06-27 12:40:28] Utilizatorul John1 Petardierul [#1] s-a autentificat.
[2023-06-27 13:51:32] Utilizatorul John1 Petardierul [#1] s-a autentificat.
[2023-06-27 17:19:12] Utilizatorul John1 Petardierul [#1] s-a autentificat.
[2023-06-28 21:48:20] Utilizatorul John1 Petardierul [#1] s-a autentificat.
[2023-06-28 21:51:00] Profilul (Date Cont) utilizatorului Banu Matei [#80] a fost modificat de către administratorul John1 Petardierul [#1].
[2023-06-28 18:51:11] Utilizatorul John1 Petardierul [#1] s-a deconectat.
[2023-06-29 13:21:06] Utilizatorul John1 Petardierul [#1] s-a autentificat.
[2023-06-30 00:34:27] Utilizatorul John1 Petardierul [#1] s-a autentificat.
[2023-06-30 00:45:54] Utilizatorul Marian Chiticariu [#1] și-a actualizat profilul.
[2023-06-30 09:15:51] Utilizatorul Banu Matei [#80] s-a autentificat.
[2023-06-30 09:18:57] Utilizatorul Banu Matei [#80] și-a actualizat profilul.
[2023-06-30 10:45:16] Utilizatorul Banu Matei [#80] s-a autentificat.
[2023-06-30 12:32:52] Utilizatorul Marian Chiticariu [#1] s-a autentificat.
[2023-06-30 12:35:19] Utilizatorul Banu Matei [#80] s-a autentificat.
[2023-06-30 09:36:20] Utilizatorul Banu Matei [#80] s-a deconectat.
[2023-06-30 16:33:34] Utilizatorul John1 Petardierul [#1] s-a autentificat.
[2023-06-30 15:34:30] Utilizatorul John1 Petardierul [#1] s-a deconectat.
[2023-07-01 15:09:00] Utilizatorul John1 Petardierul [#1] s-a autentificat.
[2023-07-01 14:09:25] Utilizatorul John1 Petardierul [#1] s-a deconectat.
[2023-07-01 15:28:21] Utilizatorul John1 Petardierul [#1] s-a autentificat.
[2023-07-01 15:29:44] Postarea cu numărul [#75] a fost modificată de către administratorul John1 Petardierul [#1].
[2023-07-01 14:36:21] Utilizatorul John1 Petardierul [#1] s-a deconectat.
[2023-07-01 15:37:50] Utilizatorul John1 Petardierul [#1] s-a autentificat.
[2023-07-01 15:58:32] Profilul (Job) utilizatorului dfgsdfg sdfgsdfgs [#98] a fost modificat de către administratorul John1 Petardierul.
[2023-07-01 15:59:14] Profilul (Date Personale) utilizatorului dfgsdfg sdfgsdfgs [#98] a fost modificat de către administratorul John1 Petardierul [#1].
[2023-07-01 16:04:29] Profilul (Date Cont) utilizatorului asdfadfa  [#11] a fost modificat de către administratorul John1 Petardierul [#1].
[2023-07-01 16:04:36] Profilul (Date Cont) utilizatorului asdfadfa  [#11] a fost modificat de către administratorul John1 Petardierul [#1].
[2023-07-01 16:04:40] Profilul (Date Cont) utilizatorului asdfadfa  [#11] a fost modificat de către administratorul John1 Petardierul [#1].
[2023-07-01 16:05:30] Profilul (Date Cont) utilizatorului asdfadfa  [#11] a fost modificat de către administratorul John1 Petardierul [#1].
[2023-07-01 16:05:39] Profilul (Date Cont) utilizatorului asdfadfa  [#11] a fost modificat de către administratorul John1 Petardierul [#1].
[2023-07-01 16:07:19] Profilul (Date Cont) utilizatorului Prost Iidot [#8] a fost modificat de către administratorul John1 Petardierul [#1].
[2023-07-02 15:07:03] Utilizatorul John1 Petardierul [#1] s-a autentificat.
[2023-07-02 15:07:42] Utilizatorul John1 Petardierul [#1] și-a actualizat profilul.
[2023-07-02 15:13:35] Profilul (Date Cont) utilizatorului Prost Iidot [#8] a fost modificat de către administratorul John1 Petardierul [#1].
[2023-07-02 14:15:36] Utilizatorul John1 Petardierul [#1] s-a deconectat.
[2023-07-02 15:15:46] Utilizatorul John1 Petardierul [#1] s-a autentificat.
[2023-07-05 17:39:54] Utilizatorul Marian Chiticariu [#1] s-a autentificat.
[2023-07-05 18:01:12] Postarea cu numărul [#81] a fost modificată de către administratorul Marian Chiticariu [#1].
[2023-07-06 09:57:41] Utilizatorul Marian Chiticariu [#1] s-a autentificat.
[2023-07-06 08:58:49] Utilizatorul Marian Chiticariu [#1] s-a deconectat.
[2023-07-06 09:59:49] Utilizatorul Marian Chiticariu [#1] s-a autentificat.
[2023-07-06 09:00:44] Utilizatorul Marian Chiticariu [#1] s-a deconectat.
[2023-07-06 10:06:15] Utilizatorul Marian Chiticariu [#1] s-a autentificat.
[2023-07-06 09:46:20] Utilizatorul Marian Chiticariu [#1] s-a deconectat.
[2023-07-06 10:46:26] Utilizatorul Marian Chiticariu [#1] s-a autentificat.
[2023-07-06 20:43:58] Utilizatorul Marian Chiticariu [#1] s-a autentificat.
[2023-07-06 20:45:32] Profilul (Date Cont) utilizatorului Marian Chiticariu [#1] a fost modificat de către administratorul Marian Chiticariu [#1].
[2023-07-06 20:48:41] Utilizatorul Marian Chiticariu [#1] și-a actualizat parola.
[2023-07-06 20:54:06] Utilizatorul Marian Chiticariu [#1] și-a actualizat profilul.
[2023-07-06 20:54:14] Utilizatorul Marian Chiticariu [#1] și-a actualizat profilul.
[2023-07-06 20:23:26] Utilizatorul Marian Chiticariu [#1] s-a deconectat.
[2023-07-06 21:24:54] Utilizatorul fadas asfdasfd [#113] s-a autentificat.
[2023-07-06 21:25:08] Utilizatorul fadas asfdasfd [#113] și-a actualizat profilul.
[2023-07-06 20:31:09] Utilizatorul fadas asfdasfd [#113] s-a deconectat.
[2023-07-06 21:31:12] Utilizatorul fadas asfdasfd [#113] s-a autentificat.
[2023-07-06 21:31:30] Utilizatorul fadas asfdasfd [#113] și-a actualizat profilul.
[2023-07-06 21:31:35] Utilizatorul fadas asfdasfd [#113] și-a actualizat profilul.
[2023-07-06 21:31:41] Utilizatorul fadas asfdasfd [#113] și-a actualizat profilul.
[2023-07-06 21:31:45] Utilizatorul fadas asfdasfd [#113] și-a actualizat profilul.
[2023-07-06 21:32:09] Utilizatorul fadas asfdasfd [#113] a șters contul.
[2023-07-06 21:40:04] Utilizatorul asdfaf asdfasf [#114] s-a autentificat.
[2023-07-06 21:40:14] Utilizatorul asdfaf asdfasf [#114] și-a actualizat profilul.
[2023-07-06 21:43:50] Utilizatorul asdfaf asdfasf [#114] și-a actualizat parola.
[2023-07-06 22:03:57] Utilizatorul asdfaf asdfasf [#114] și-a actualizat parola.
[2023-07-06 22:14:55] Utilizatorul asdfaf asdfasf [#114] și-a actualizat parola.
[2023-07-06 22:16:00] Utilizatorul asdfaf asdfasf [#114] și-a actualizat parola.
[2023-07-06 22:16:02] Utilizatorul asdfaf asdfasf [#114] și-a actualizat parola.
[2023-07-06 22:17:17] Utilizatorul asdfaf asdfasf [#114] și-a actualizat profilul.
[2023-07-06 21:31:00] Utilizatorul asdfaf asdfasf [#114] s-a deconectat.
[2023-07-06 22:31:10] Utilizatorul Marian Chiticariu [#1] s-a autentificat.
[2023-07-12 20:46:25] Utilizatorul John1 Petardierul [#1] s-a autentificat.
[2023-07-15 17:12:22] Utilizatorul John1 Petardierul [#1] s-a autentificat.
[2023-07-15 19:32:37] Utilizatorul John1 Petardierul [#1] s-a autentificat.
[2023-07-20 12:55:05] Utilizatorul John1 Petardierul [#1] s-a autentificat.
[2023-07-20 15:22:08] Utilizatorul John1 Petardierul [#1] s-a autentificat.
[2023-07-20 19:10:37] Utilizatorul John1 Petardierul [#1] s-a autentificat.
[2023-07-20 20:40:13] Utilizatorul John1 Petardierul [#1] s-a autentificat.
[2023-07-20 21:47:29] Utilizatorul John1 Petardierul [#1] s-a autentificat.
[2023-07-21 01:01:31] Utilizatorul John1 Petardierul [#1] s-a autentificat.
[2023-07-22 12:57:25] Utilizatorul John1 Petardierul [#1] s-a autentificat.
[2023-07-22 18:20:08] Utilizatorul John1 Petardierul [#1] s-a autentificat.
[2023-07-23 00:32:21] Utilizatorul John1 Petardierul [#1] s-a autentificat.
[2023-07-25 22:04:10] Utilizatorul John1 Petardierul [#1] s-a autentificat.
[2023-07-26 16:12:37] Utilizatorul John1 Petardierul [#1] s-a autentificat.
[2023-07-26 18:06:34] Postarea cu numărul [#77] a fost modificată de către administratorul John1 Petardierul [#1].
[2023-07-27 00:39:38] Utilizatorul John1 Petardierul [#1] s-a autentificat.
[2023-07-27 13:05:24] Utilizatorul John1 Petardierul [#1] s-a autentificat.
[2023-07-31 16:50:52] Utilizatorul John1 Petardierul [#1] s-a autentificat.
[2023-08-06 15:06:31] Utilizatorul John1 Petardierul [#1] s-a autentificat.
[2023-08-06 14:31:05] Utilizatorul John1 Petardierul [#1] s-a deconectat.
[2023-08-06 15:43:21] Utilizatorul John1 Petardierul [#1] s-a autentificat.
[2023-08-06 15:48:15] Utilizatorul Chiticariu Marian [#1] și-a actualizat profilul.
[2023-08-06 15:27:34] Utilizatorul John1 Petardierul [#1] s-a deconectat.
[2023-08-06 16:27:44] Utilizatorul Chiticariu Marian [#1] s-a autentificat.
[2023-08-06 15:39:51] Utilizatorul Chiticariu Marian [#1] s-a deconectat.
[2023-08-06 16:40:22] Utilizatorul Chiticariu Marian [#1] s-a autentificat.
[2023-08-06 15:57:11] Utilizatorul Chiticariu Marian [#1] s-a deconectat.
[2023-08-06 17:08:12] Utilizatorul Chiticariu Marian [#1] s-a autentificat.
[2023-08-09 17:24:12] Utilizatorul Chiticariu Marian [#1] s-a autentificat.
[2023-08-09 16:39:29] Utilizatorul Chiticariu Marian [#1] s-a deconectat.
[2023-08-09 17:43:22] Utilizatorul Chiticariu Marian [#1] s-a autentificat.
[2023-08-09 16:43:56] Utilizatorul Chiticariu Marian [#1] s-a deconectat.
[2023-08-09 17:43:58] Utilizatorul Chiticariu Marian [#1] s-a autentificat.
[2023-08-09 17:44:56] Utilizatorul Chiticariu Marian [#1] și-a actualizat profilul.
[2023-08-09 17:45:51] Profilul (Date Personale) utilizatorului Chiticariu Marian [#1] a fost modificat de către administratorul Chiticariu Marian [#1].
[2023-08-09 17:55:44] Profilul (Job) utilizatorului Lupu Mihai [#3] a fost modificat de către administratorul Chiticariu Marian.
[2023-08-09 17:55:56] Profilul (Job) utilizatorului Banu Matei [#2] a fost modificat de către administratorul Chiticariu Marian.
[2023-08-09 18:08:09] Postarea cu numărul [#2] a fost modificată de către administratorul Chiticariu Marian [#1].
[2023-08-09 19:05:49] Utilizatorul Chiticariu Marian [#1] s-a deconectat.
[2023-08-09 20:06:32] Utilizatorul Chiticariu Marian [#1] s-a autentificat.
[2023-08-10 13:50:44] Utilizatorul Chiticariu Marian [#1] s-a autentificat.
[2023-08-10 18:25:55] Utilizatorul Chiticariu Marian [#1] s-a autentificat.
[2023-08-11 13:13:37] Utilizatorul Chiticariu Marian [#1] s-a autentificat.
[2023-08-11 12:51:12] Utilizatorul Chiticariu Marian [#1] s-a deconectat.
[2023-08-11 13:55:39] Utilizatorul Chiticariu Marian [#1] s-a autentificat.
[2023-08-11 14:46:46] Utilizatorul Chiticariu Marian [#1] s-a autentificat.
[2023-08-11 16:40:42] Utilizatorul Chiticariu Marian [#1] s-a deconectat.
[2023-08-11 17:47:25] Utilizatorul Chiticariu Marian [#1] s-a autentificat.
[2023-08-11 18:36:25] Utilizatorul Chiticariu Marian [#1] s-a autentificat.
[2023-08-11 19:18:04] Utilizatorul Chiticariu Marian [#1] s-a deconectat.
[2023-08-11 20:18:07] Utilizatorul Chiticariu Marian [#1] s-a autentificat.
[2023-08-11 20:04:04] Utilizatorul Chiticariu Marian [#1] s-a deconectat.
[2023-08-11 21:04:06] Utilizatorul Chiticariu Marian [#1] s-a autentificat.
[2023-08-11 21:25:30] Utilizatorul Chiticariu Marian [#1] s-a autentificat.
[2023-08-11 21:09:56] Utilizatorul Chiticariu Marian [#1] s-a deconectat.
[2023-08-11 22:11:30] Utilizatorul test test [#6] s-a autentificat.
[2023-08-11 21:20:15] Utilizatorul test test [#6] s-a deconectat.
[2023-08-11 22:20:21] Utilizatorul Chiticariu Marian [#1] s-a autentificat.
[2023-08-11 21:20:23] Utilizatorul Chiticariu Marian [#1] s-a deconectat.
[2023-08-11 22:21:39] Utilizatorul Chiticariu Marian [#1] s-a autentificat.
[2023-08-11 21:21:41] Utilizatorul Chiticariu Marian [#1] s-a deconectat.
[2023-08-11 22:30:12] Utilizatorul Chiticariu Marian [#1] s-a autentificat.
[2023-08-11 21:31:02] Utilizatorul Chiticariu Marian [#1] s-a deconectat.
[2023-08-11 22:31:04] Utilizatorul Chiticariu Marian [#1] s-a autentificat.
[2023-08-11 21:31:08] Utilizatorul Chiticariu Marian [#1] s-a deconectat.
[2023-08-11 22:31:15] Utilizatorul Chiticariu Marian [#1] s-a autentificat.
[2023-08-11 21:31:19] Utilizatorul Chiticariu Marian [#1] s-a deconectat.
[2023-08-11 22:32:08] Utilizatorul Chiticariu Marian [#1] s-a autentificat.
[2023-08-11 21:32:12] Utilizatorul Chiticariu Marian [#1] s-a deconectat.
[2023-08-11 22:32:20] Utilizatorul Chiticariu Marian [#1] s-a autentificat.
[2023-08-11 21:32:24] Utilizatorul Chiticariu Marian [#1] s-a deconectat.
[2023-08-11 22:32:53] Utilizatorul Chiticariu Marian [#1] s-a autentificat.
[2023-08-11 21:33:10] Utilizatorul Chiticariu Marian [#1] s-a deconectat.
[2023-08-11 22:33:12] Utilizatorul Chiticariu Marian [#1] s-a autentificat.
[2023-08-11 21:33:21] Utilizatorul Chiticariu Marian [#1] s-a deconectat.
[2023-08-11 22:33:45] Utilizatorul Chiticariu Marian [#1] s-a autentificat.
[2023-08-11 21:33:50] Utilizatorul Chiticariu Marian [#1] s-a deconectat.
[2023-08-11 22:37:43] Utilizatorul Chiticariu Marian [#1] s-a autentificat.
[2023-08-11 22:37:44] Utilizatorul Chiticariu Marian [#1] s-a autentificat.
[2023-08-11 22:37:45] Utilizatorul Chiticariu Marian [#1] s-a autentificat.
[2023-08-11 22:37:45] Utilizatorul Chiticariu Marian [#1] s-a autentificat.
[2023-08-11 22:37:45] Utilizatorul Chiticariu Marian [#1] s-a autentificat.
[2023-08-11 21:37:48] Utilizatorul Chiticariu Marian [#1] s-a deconectat.
[2023-08-11 22:39:40] Utilizatorul Chiticariu Marian [#1] s-a autentificat.
[2023-08-11 21:41:20] Utilizatorul Chiticariu Marian [#1] s-a deconectat.
[2023-08-11 22:41:22] Utilizatorul Chiticariu Marian [#1] s-a autentificat.
[2023-08-11 21:41:26] Utilizatorul Chiticariu Marian [#1] s-a deconectat.
[2023-08-11 22:46:34] Utilizatorul Chiticariu Marian [#1] s-a autentificat.
[2023-08-11 22:46:35] Utilizatorul Chiticariu Marian [#1] s-a autentificat.
[2023-08-12 00:36:52] Utilizatorul Chiticariu Marian [#1] s-a autentificat.
[2023-08-11 23:40:39] Utilizatorul Chiticariu Marian [#1] s-a deconectat.
[2023-08-12 00:57:24] Utilizatorul Chiticariu Marian [#1] s-a autentificat.
[2023-08-12 00:00:43] Utilizatorul Chiticariu Marian [#1] s-a deconectat.
[2023-08-12 01:00:46] Utilizatorul Chiticariu Marian [#1] s-a autentificat.
[2023-08-12 00:00:51] Utilizatorul Chiticariu Marian [#1] s-a deconectat.
[2023-08-12 01:52:27] Utilizatorul Chiticariu Marian [#1] s-a autentificat.
[2023-08-12 00:52:32] Utilizatorul Chiticariu Marian [#1] s-a deconectat.
[2023-08-12 01:52:35] Utilizatorul Chiticariu Marian [#1] s-a autentificat.
[2023-08-12 00:52:38] Utilizatorul Chiticariu Marian [#1] s-a deconectat.
[2023-08-12 01:57:40] Utilizatorul Chiticariu Marian [#1] s-a autentificat.
[2023-08-12 00:57:42] Utilizatorul Chiticariu Marian [#1] s-a deconectat.
[2023-08-12 02:02:03] Utilizatorul Chiticariu Marian [#1] s-a autentificat.
[2023-08-12 01:02:05] Utilizatorul Chiticariu Marian [#1] s-a deconectat.
[2023-08-12 02:11:52] Utilizatorul Chiticariu Marian [#1] s-a autentificat.
[2023-08-12 01:12:07] Utilizatorul Chiticariu Marian [#1] s-a deconectat.
[2023-08-12 02:19:48] Utilizatorul test test [#6] s-a autentificat.
[2023-08-12 01:20:27] Utilizatorul test test [#6] s-a deconectat.
[2023-08-12 02:23:46] Utilizatorul test test [#6] s-a autentificat.
[2023-08-12 01:23:48] Utilizatorul test test [#6] s-a deconectat.
[2023-08-12 02:24:16] Utilizatorul Chiticariu Marian [#1] s-a autentificat.
[2023-08-12 01:24:33] Utilizatorul Chiticariu Marian [#1] s-a deconectat.
[2023-08-12 02:24:47] Utilizatorul test test [#6] s-a autentificat.
[2023-08-12 01:42:52] Utilizatorul test test [#6] s-a deconectat.
[2023-08-12 02:42:55] Utilizatorul Chiticariu Marian [#1] s-a autentificat.
[2023-08-12 01:42:58] Utilizatorul Chiticariu Marian [#1] s-a deconectat.
[2023-08-12 02:43:01] Utilizatorul test test [#6] s-a autentificat.
[2023-08-12 01:43:04] Utilizatorul test test [#6] s-a deconectat.
[2023-08-12 02:43:07] Utilizatorul test test [#6] s-a autentificat.
[2023-08-12 01:43:33] Utilizatorul test test [#6] s-a deconectat.
[2023-08-12 02:44:11] Utilizatorul test test [#6] s-a autentificat.
[2023-08-12 01:45:01] Utilizatorul test test [#6] s-a deconectat.
[2023-08-14 17:13:38] Utilizatorul test test [#6] s-a autentificat.
[2023-08-14 16:13:41] Utilizatorul test test [#6] s-a deconectat.
[2023-08-15 15:49:39] Utilizatorul Chiticariu Marian [#1] s-a autentificat.
[2023-08-15 14:50:11] Utilizatorul Chiticariu Marian [#1] s-a deconectat.
[2023-08-15 17:19:18] Utilizatorul Chiticariu Marian [#1] s-a autentificat.
[2023-08-15 16:19:20] Utilizatorul Chiticariu Marian [#1] s-a deconectat.
[2023-08-15 17:19:25] Utilizatorul Banu Matei [#8] s-a autentificat.
[2023-08-15 16:19:28] Utilizatorul Banu Matei [#8] s-a deconectat.
[2023-08-15 18:04:17] Utilizatorul Chiticariu Marian [#1] s-a autentificat.
[2023-08-15 19:24:11] Utilizatorul Chiticariu Marian [#1] și-a actualizat profilul.
[2023-08-16 15:03:04] Utilizatorul Chiticariu Marian [#1] s-a autentificat.
[2023-08-16 16:29:17] Profilul (Date Cont) utilizatorului test test [#6] a fost modificat de către administratorul Chiticariu Marian [#1].
[2023-08-16 17:28:31] Utilizatorul Chiticariu Marian [#1] s-a autentificat.
[2023-08-17 00:46:52] Utilizatorul Chiticariu Marian [#1] s-a autentificat.
[2023-08-16 23:55:25] Utilizatorul Chiticariu Marian [#1] s-a deconectat.
[2023-08-17 00:55:38] Utilizatorul Chiticariu Marian [#1] s-a autentificat.
[2023-08-16 23:55:40] Utilizatorul Chiticariu Marian [#1] s-a deconectat.
[2023-08-17 01:07:55] Utilizatorul Chiticariu Marian [#1] s-a autentificat.
[2023-08-17 00:08:01] Utilizatorul Chiticariu Marian [#1] s-a deconectat.
[2023-08-17 01:15:21] Utilizatorul Chiticariu Marian [#1] s-a autentificat.
[2023-08-17 01:15:26] Utilizatorul Chiticariu Marian [#1] și-a actualizat profilul.
[2023-08-17 01:15:45] Utilizatorul Chiticariu Marian [#1] și-a actualizat profilul.
[2023-08-17 01:15:59] Utilizatorul Chiticariu Marian [#1] și-a actualizat parola.
[2023-08-17 00:22:15] Utilizatorul Chiticariu Marian [#1] s-a deconectat.
[2023-08-17 01:27:23] Utilizatorul Chiticariu Marian [#1] s-a autentificat.
[2023-08-17 01:27:23] Utilizatorul Chiticariu Marian [#1] s-a autentificat.
[2023-08-19 14:08:28] Utilizatorul Chiticariu Marian [#1] s-a autentificat.
[2023-08-19 13:24:45] Utilizatorul Chiticariu Marian [#1] s-a deconectat.
[2023-08-19 14:25:32] Utilizatorul Chiticariu Marian [#1] s-a autentificat.
[2023-08-19 14:33:54] Contul utilizatorului [#9] a fost blocat de către administratorul Chiticariu Marian [#1].
[2023-08-19 14:36:43] Contul utilizatorului [#9] a fost blocat de către administratorul Chiticariu Marian [#1].
[2023-08-19 14:36:53] Contul utilizatorului [#9] a fost blocat de către administratorul Chiticariu Marian [#1].
[2023-08-19 14:52:40] Contul utilizatorului [#9] a fost blocat de către administratorul Chiticariu Marian [#1].
[2023-08-19 14:52:46] Contul utilizatorului [#9] a fost blocat de către administratorul Chiticariu Marian [#1].
[2023-08-19 15:08:41] Contul utilizatorului [#9] a fost blocat de către administratorul Chiticariu Marian [#1].
[2023-08-19 15:11:53] Contul utilizatorului [#6] a fost blocat de către administratorul Chiticariu Marian [#1].
[2023-08-19 15:16:08] Contul utilizatorului [#9] a fost blocat de către administratorul Chiticariu Marian [#1].
[2023-08-19 15:16:13] Contul utilizatorului [#9] a fost blocat de către administratorul Chiticariu Marian [#1].
[2023-08-19 15:16:15] Contul utilizatorului [#6] a fost blocat de către administratorul Chiticariu Marian [#1].
[2023-08-19 15:17:01] Contul utilizatorului [#9] a fost blocat de către administratorul Chiticariu Marian [#1].
[2023-08-19 15:17:06] Contul utilizatorului [#9] a fost blocat de către administratorul Chiticariu Marian [#1].
[2023-08-19 15:17:08] Contul utilizatorului [#6] a fost blocat de către administratorul Chiticariu Marian [#1].
[2023-08-19 15:17:28] Contul utilizatorului [#9] a fost blocat de către administratorul Chiticariu Marian [#1].
[2023-08-19 15:19:10] Contul utilizatorului [#6] a fost blocat de către administratorul Chiticariu Marian [#1].
[2023-08-19 15:20:04] Contul utilizatorului [#9] a fost blocat de către administratorul Chiticariu Marian [#1].
[2023-08-19 15:21:16] Contul utilizatorului [#9] a fost blocat de către administratorul Chiticariu Marian [#1].
[2023-08-19 15:21:43] Contul utilizatorului [#6] a fost blocat de către administratorul Chiticariu Marian [#1].
[2023-08-19 15:22:18] Contul utilizatorului [#6] a fost blocat de către administratorul Chiticariu Marian [#1].
[2023-08-19 15:23:50] Contul utilizatorului [#9] a fost blocat de către administratorul Chiticariu Marian [#1].
[2023-08-19 15:23:52] Contul utilizatorului [#9] a fost blocat de către administratorul Chiticariu Marian [#1].
[2023-08-19 15:24:00] Contul utilizatorului [#9] a fost blocat de către administratorul Chiticariu Marian [#1].
[2023-08-19 15:24:00] Contul utilizatorului [#9] a fost blocat de către administratorul Chiticariu Marian [#1].
[2023-08-19 15:24:01] Contul utilizatorului [#9] a fost blocat de către administratorul Chiticariu Marian [#1].
[2023-08-19 15:24:39] Contul utilizatorului [#9] a fost blocat de către administratorul Chiticariu Marian [#1].
[2023-08-19 15:25:06] Contul utilizatorului [#6] a fost blocat de către administratorul Chiticariu Marian [#1].
[2023-08-19 15:25:08] Contul utilizatorului [#9] a fost blocat de către administratorul Chiticariu Marian [#1].
[2023-08-19 15:25:20] Contul utilizatorului [#9] a fost blocat de către administratorul Chiticariu Marian [#1].
[2023-08-19 15:25:24] Contul utilizatorului [#6] a fost blocat de către administratorul Chiticariu Marian [#1].
[2023-08-19 15:28:18] Contul utilizatorului [#9] a fost blocat de către administratorul Chiticariu Marian [#1].
[2023-08-19 15:30:44] Contul utilizatorului [#9] a fost blocat de către administratorul Chiticariu Marian [#1].
[2023-08-19 15:30:50] Contul utilizatorului [#9] a fost blocat de către administratorul Chiticariu Marian [#1].
[2023-08-19 15:31:24] Contul utilizatorului [#9] a fost blocat de către administratorul Chiticariu Marian [#1].
[2023-08-19 15:31:26] Contul utilizatorului [#9] a fost șters de către administratorul Chiticariu Marian [#1].
[2023-08-19 16:01:02] Postarea cu numărul [#3] a fost modificată de către administratorul Chiticariu Marian [#1].
[2023-08-19 16:01:18] Postarea cu numărul [#3] a fost modificată de către administratorul Chiticariu Marian [#1].
[2023-08-19 16:01:22] Postarea cu numărul [#3] a fost modificată de către administratorul Chiticariu Marian [#1].
[2023-08-19 16:38:45] Contul utilizatorului [#6] a fost blocat de către administratorul Chiticariu Marian [#1].
[2023-08-19 20:21:06] Utilizatorul test1 test1 [#10] și-a actualizat profilul.
[2023-08-19 20:28:29] Utilizatorul test1 test1 [#10] și-a actualizat profilul.
[2023-08-19 20:28:30] Utilizatorul test1 test1 [#10] și-a actualizat profilul.
[2023-08-19 20:30:36] Utilizatorul test1 test1 [#10] și-a actualizat profilul.
[2023-08-19 20:30:42] Utilizatorul test1 test1 [#10] și-a actualizat profilul.
[2023-08-19 20:36:00] Utilizatorul Chiticariu Marian [#1] și-a actualizat parola.
[2023-08-19 20:36:09] Utilizatorul Chiticariu Marian [#1] și-a actualizat parola.
[2023-08-19 20:38:11] Utilizatorul Chiticariu Marian [#1] și-a actualizat parola.
[2023-08-19 20:38:36] Utilizatorul Chiticariu Marian [#1] și-a actualizat parola.
[2023-08-19 20:38:42] Utilizatorul Chiticariu Marian [#1] și-a actualizat profilul.
[2023-08-20 01:27:45] Utilizatorul Chiticariu Marian [#] și-a actualizat profilul.
[2023-08-20 01:27:46] Utilizatorul Chiticariu1 Marian [#] și-a actualizat profilul.
[2023-08-20 01:27:49] Utilizatorul Chiticariu1 Marian [#] și-a actualizat profilul.
[2023-08-20 01:27:49] Utilizatorul Chiticariu1 Marian [#] și-a actualizat profilul.
[2023-08-20 01:27:49] Utilizatorul Chiticariu1 Marian [#] și-a actualizat profilul.
[2023-08-20 01:27:49] Utilizatorul Chiticariu1 Marian [#] și-a actualizat profilul.
[2023-08-20 01:27:55] Utilizatorul Chiticariu Marian [#] și-a actualizat profilul.
[2023-08-20 01:27:55] Utilizatorul Chiticariu Marian [#] și-a actualizat profilul.
[2023-08-20 01:27:56] Utilizatorul Chiticariu Marian [#] și-a actualizat profilul.
[2023-08-20 01:27:57] Utilizatorul Chiticariu1234 Marian1234 [#] și-a actualizat profilul.
[2023-08-20 01:27:57] Utilizatorul Chiticariu1234 Marian1234 [#] și-a actualizat profilul.
[2023-08-20 01:34:51] Utilizatorul Chiticariu Marian [#] și-a actualizat profilul.
[2023-08-20 01:34:52] Utilizatorul Chiticariu1 Marian [#] și-a actualizat profilul.
[2023-08-20 01:34:52] Utilizatorul Chiticariu1 Marian [#] și-a actualizat profilul.
[2023-08-20 01:35:06] Utilizatorul Chiticariu1 Marian [#] și-a actualizat profilul.
[2023-08-20 01:35:06] Utilizatorul Chiticariu1 Marian [#] și-a actualizat profilul.
[2023-08-20 01:35:07] Utilizatorul Chiticariu1 Marian [#] și-a actualizat profilul.
[2023-08-20 01:35:07] Utilizatorul Chiticariu1 Marian [#] și-a actualizat profilul.
[2023-08-20 01:35:07] Utilizatorul Chiticariu1 Marian [#] și-a actualizat profilul.
[2023-08-20 01:35:18] Utilizatorul Chiticariu1 Marian [#] și-a actualizat profilul.
[2023-08-20 01:35:18] Utilizatorul Chiticariu1 Marian [#] și-a actualizat profilul.
[2023-08-20 01:35:18] Utilizatorul Chiticariu1 Marian [#] și-a actualizat profilul.
[2023-08-20 01:35:18] Utilizatorul Chiticariu1 Marian [#] și-a actualizat profilul.
[2023-08-20 01:35:18] Utilizatorul Chiticariu1 Marian [#] și-a actualizat profilul.
[2023-08-20 01:37:52] Utilizatorul Chiticariu Marian [#] și-a actualizat profilul.
[2023-08-20 01:38:18] Utilizatorul Chiticariu12341 Marian43214134 [#] și-a actualizat profilul.
[2023-08-20 01:38:18] Utilizatorul Chiticariu12341 Marian43214134 [#] și-a actualizat profilul.
[2023-08-20 01:38:18] Utilizatorul Chiticariu12341 Marian43214134 [#] și-a actualizat profilul.
[2023-08-20 01:38:18] Utilizatorul Chiticariu12341 Marian43214134 [#] și-a actualizat profilul.
[2023-08-20 01:38:24] Utilizatorul Chiticariu Marian [#] și-a actualizat profilul.
[2023-08-20 01:38:25] Utilizatorul Chiticariu Marian [#] și-a actualizat profilul.
[2023-08-20 01:38:25] Utilizatorul Chiticariu Marian [#] și-a actualizat profilul.
[2023-08-20 01:38:57] Utilizatorul Chiticariu1 Marian1 [#] și-a actualizat profilul.
[2023-08-20 01:39:02] Utilizatorul Chiticariu123 Marian12313 [#] și-a actualizat profilul.
[2023-08-20 01:39:02] Utilizatorul Chiticariu123 Marian12313 [#] și-a actualizat profilul.
[2023-08-20 01:39:02] Utilizatorul Chiticariu123 Marian12313 [#] și-a actualizat profilul.
[2023-08-20 01:39:02] Utilizatorul Chiticariu123 Marian12313 [#] și-a actualizat profilul.
[2023-08-20 01:39:02] Utilizatorul Chiticariu123 Marian12313 [#] și-a actualizat profilul.
[2023-08-20 01:39:08] Utilizatorul Chiticariu123 Marian12313 [#] și-a actualizat profilul.
[2023-08-20 01:39:08] Utilizatorul Chiticariu123 Marian12313 [#] și-a actualizat profilul.
[2023-08-20 01:39:09] Utilizatorul Chiticariu123 Marian12313 [#] și-a actualizat profilul.
[2023-08-20 01:39:09] Utilizatorul Chiticariu123 Marian12313 [#] și-a actualizat profilul.
[2023-08-20 01:39:09] Utilizatorul Chiticariu123 Marian12313 [#] și-a actualizat profilul.
[2023-08-20 01:39:09] Utilizatorul Chiticariu123 Marian12313 [#] și-a actualizat profilul.
[2023-08-20 01:39:09] Utilizatorul Chiticariu123 Marian12313 [#] și-a actualizat profilul.
[2023-08-20 01:39:10] Utilizatorul Chiticariu123 Marian12313 [#] și-a actualizat profilul.
[2023-08-20 01:41:38] Utilizatorul Chiticariu Marian [#] și-a actualizat profilul.
[2023-08-20 01:43:20] Utilizatorul Chiticariutest Mariantest [#] și-a actualizat profilul.
[2023-08-20 01:43:20] Utilizatorul Chiticariutest Mariantest [#] și-a actualizat profilul.
[2023-08-20 01:43:21] Utilizatorul Chiticariutest Mariantest [#] și-a actualizat profilul.
[2023-08-20 01:43:21] Utilizatorul Chiticariutest Mariantest [#] și-a actualizat profilul.
[2023-08-20 01:43:22] Utilizatorul Chiticariutest Mariantest [#] și-a actualizat profilul.
[2023-08-20 01:43:22] Utilizatorul Chiticariutest Mariantest [#] și-a actualizat profilul.
[2023-08-20 01:45:22] Utilizatorul Chiticariu Marian [#] și-a actualizat profilul.
[2023-08-20 01:45:23] Utilizatorul Chiticariu Marian [#] și-a actualizat profilul.
[2023-08-20 01:45:23] Utilizatorul Chiticariu Marian [#] și-a actualizat profilul.
[2023-08-20 01:45:23] Utilizatorul Chiticariu Marian [#] și-a actualizat profilul.
[2023-08-20 01:46:29] Utilizatorul Chiticariu Marian [#] și-a actualizat profilul.
[2023-08-20 01:46:31] Utilizatorul Chiticariu Marian [#] și-a actualizat profilul.
[2023-08-20 01:46:31] Utilizatorul Chiticariu Marian [#] și-a actualizat profilul.
[2023-08-20 01:47:16] Utilizatorul Chiticariu Marian [#] și-a actualizat profilul.
[2023-08-20 01:47:56] Utilizatorul Chiticariu Marian [#] și-a actualizat profilul.
[2023-08-20 01:49:04] Utilizatorul   [#] și-a actualizat profilul.
[2023-08-20 01:49:51] Utilizatorul Chiticariu Marian [#] și-a actualizat profilul.
[2023-08-20 01:49:53] Utilizatorul Chiticariu Marian [#] și-a actualizat profilul.
[2023-08-20 01:49:56] Utilizatorul Chiticariu Marian11234 [#] și-a actualizat profilul.
[2023-08-20 01:49:57] Utilizatorul Chiticariu Marian11234 [#] și-a actualizat profilul.
[2023-08-20 01:49:58] Utilizatorul Chiticariu1243 Marian11234 [#] și-a actualizat profilul.
[2023-08-20 01:49:58] Utilizatorul Chiticariu1243 Marian11234 [#] și-a actualizat profilul.
[2023-08-20 01:57:17] Utilizatorul Chiticariu Marian [#1] și-a actualizat profilul.
[2023-08-20 02:00:30] Utilizatorul Chiticariu Marian [#1] și-a actualizat profilul.
[2023-08-20 02:00:39] Utilizatorul Chiticariu Marian [#1] și-a actualizat profilul.
[2023-08-20 02:01:49] Utilizatorul Chiticariu Marian [#1] și-a actualizat profilul.
[2023-08-20 02:01:55] Utilizatorul Chiticariu Marian [#1] și-a actualizat profilul.
[2023-08-20 02:01:55] Utilizatorul Chiticariu Marian [#1] și-a actualizat profilul.
[2023-08-20 02:01:55] Utilizatorul Chiticariu Marian [#1] și-a actualizat profilul.
[2023-08-20 02:02:01] Utilizatorul Chiticariu Marian [#1] și-a actualizat profilul.
[2023-08-20 02:02:01] Utilizatorul Chiticariu Marian [#1] și-a actualizat profilul.
[2023-08-20 02:02:31] Utilizatorul Chiticariu Marian [#1] și-a actualizat profilul.
[2023-08-20 02:02:36] Utilizatorul Chiticariu Marian [#1] și-a actualizat profilul.
[2023-08-20 02:02:55] Utilizatorul Chiticariu Marian [#1] și-a actualizat profilul.
[2023-08-20 02:03:03] Utilizatorul Chiticariutest Mariantest [#1] și-a actualizat profilul.
[2023-08-20 02:03:47] Utilizatorul Chiticariutest Mariantest [#1] și-a actualizat profilul.
[2023-08-20 02:03:58] Utilizatorul Chiticariutest Mariantest [#1] și-a actualizat profilul.
[2023-08-20 02:05:17] Utilizatorul Chiticariutest Mariantest [#1] și-a actualizat profilul.
[2023-08-20 02:05:20] Utilizatorul Chiticariutest Mariantest [#1] și-a actualizat profilul.
[2023-08-20 02:08:40] Utilizatorul Chiticariutest Mariantest [#1] și-a actualizat profilul.
[2023-08-20 02:08:44] Utilizatorul Chiticariutest Mariantest [#1] și-a actualizat profilul.
[2023-08-20 02:08:56] Utilizatorul Chiticariutest1 Mariantest1 [#1] și-a actualizat profilul.
[2023-08-20 02:08:56] Utilizatorul Chiticariutest1 Mariantest1 [#1] și-a actualizat profilul.
[2023-08-20 02:09:11] Utilizatorul Chiticariutest1 Mariantest1 [#1] și-a actualizat profilul.
[2023-08-20 02:09:20] Utilizatorul Chiticariutest1 Mariantest1 [#1] și-a actualizat profilul.
[2023-08-20 02:11:18] Utilizatorul Chiticariutest1 Mariantest1 [#1] și-a actualizat profilul.
[2023-08-20 02:11:18] Utilizatorul Chiticariutest1 Mariantest1 [#1] și-a actualizat profilul.
[2023-08-20 02:11:28] Utilizatorul Chiticariutest1 Mariantest11 [#1] și-a actualizat profilul.
[2023-08-20 02:11:43] Utilizatorul Chiticariutest1 Mariantest11 [#1] și-a actualizat profilul.
[2023-08-20 02:11:43] Utilizatorul Chiticariutest1 Mariantest11 [#1] și-a actualizat profilul.
[2023-08-20 02:12:02] Utilizatorul Chiticariutest1 Mariantest11 [#1] și-a actualizat profilul.
[2023-08-20 02:12:41] Utilizatorul Chiticariutest1 Mariantest11 [#1] și-a actualizat profilul.
[2023-08-20 02:12:44] Utilizatorul Chiticariutest1 Mariantest1111 [#1] și-a actualizat profilul.
[2023-08-20 02:12:47] Utilizatorul Chiticariutest1 Mariantest1111 [#1] și-a actualizat profilul.
[2023-08-20 02:12:48] Utilizatorul Chiticariutest11 Mariantest1111 [#1] și-a actualizat profilul.
[2023-08-20 02:15:00] Utilizatorul Chiticariutest11 Mariantest1111 [#1] și-a actualizat profilul.
[2023-08-20 02:16:05] Utilizatorul Chiticariutest11 Mariantest1111 [#1] și-a actualizat profilul.
[2023-08-20 02:16:53] Utilizatorul Chiticariutest11 Mariantest1111 [#1] și-a actualizat profilul.
[2023-08-20 02:18:13] Utilizatorul Chiticariutest11 Mariantest1111 [#1] și-a actualizat profilul.
[2023-08-20 02:18:39] Utilizatorul Chiticariutest11 Mariantest1111 [#1] și-a actualizat profilul.
[2023-08-20 02:18:47] Utilizatorul Chiticariutest11 Mariantest1111 [#1] și-a actualizat profilul.
[2023-08-20 02:19:56] Utilizatorul Chiticariutest11 Mariantest1111 [#1] și-a actualizat profilul.
[2023-08-20 02:20:01] Utilizatorul Chiticariu Marian [#1] și-a actualizat profilul.
[2023-08-20 02:20:13] Utilizatorul Chiticariu Marian [#1] și-a actualizat profilul.
[2023-08-20 02:20:21] Utilizatorul Chiticariu Marian [#1] și-a actualizat profilul.
[2023-08-20 02:20:57] Utilizatorul Chiticariu Marian [#1] și-a actualizat profilul.
[2023-08-20 02:25:46] Utilizatorul Chiticariu Marian [#1] și-a actualizat profilul.
[2023-08-20 02:26:56] Utilizatorul Chiticariu Marian [#1] și-a actualizat parola.
[2023-08-20 02:26:58] Utilizatorul Chiticariu Marian [#1] și-a actualizat parola.
[2023-08-20 02:27:08] Utilizatorul Chiticariu Marian [#1] și-a actualizat parola.
[2023-08-20 02:28:25] Utilizatorul Chiticariu Marian [#1] și-a actualizat profilul.
[2023-08-20 02:33:18] Utilizatorul Chiticariu Marian [#1] și-a actualizat profilul.
[2023-08-20 02:33:25] Utilizatorul Chiticariu Marian [#1] și-a actualizat profilul.
[2023-08-20 02:33:32] Utilizatorul Chiticariu Marian [#1] și-a actualizat profilul.
[2023-08-20 02:33:50] Utilizatorul Chiticariu Marian [#1] și-a actualizat profilul.
[2023-08-20 02:35:56] Contul utilizatorului [#10] a fost blocat de către administratorul Chiticariu Marian [#1].
[2023-08-20 02:43:21] Utilizatorul Chiticariu Marian [#1] și-a actualizat parola.
[2023-08-24 16:05:28] Utilizatorul Chiticariu Marian [#1] și-a actualizat profilul.
[2023-08-24 16:05:37] Utilizatorul Chiticariu Marian [#1] și-a actualizat profilul.
[2023-08-24 16:06:10] Utilizatorul Chiticariu Marian [#1] și-a actualizat profilul.
[2023-08-24 16:06:45] Utilizatorul Chiticariu Marian [#1] și-a actualizat profilul.
[2023-08-24 16:06:51] Utilizatorul Chiticariu Marian [#1] și-a actualizat profilul.
[2023-08-26 15:16:20] Utilizatorul Chiticariu Marian [#1] s-a autentificat.
[2023-08-26 16:58:01] Utilizatorul Chiticariu Marian [#1] s-a autentificat.
[2023-08-26 16:59:05] Utilizatorul Chiticariu Marian [#1] s-a autentificat.
[2023-08-26 17:02:32] Utilizatorul Chiticariu Marian [#1] s-a autentificat.
[2023-08-27 01:41:04] Utilizatorul Chiticariu Marian [#1] s-a autentificat.
[2023-08-27 03:11:08] Utilizatorul Chiticariu Marian [#1] s-a autentificat.
[2023-08-27 14:13:06] Utilizatorul Chiticariu Marian [#1] s-a autentificat.
[2023-08-27 18:54:05] Utilizatorul Chiticariu Marian [#1] s-a autentificat.
[2023-08-28 00:51:14] Utilizatorul Chiticariu Marian [#1] s-a autentificat.
[2023-08-28 01:50:34] Utilizatorul Chiticariu Marian [#1] s-a autentificat.
[2023-08-28 15:26:29] Utilizatorul Chiticariu Marian [#1] s-a autentificat.
[2023-08-28 19:51:29] Utilizatorul Chiticariu Marian [#1] s-a autentificat.
[2023-08-28 20:47:04] Utilizatorul Chiticariu Marian [#1] s-a autentificat.
[2023-08-28 20:51:47] Utilizatorul Chiticariu Marian [#1] s-a autentificat.
[2023-08-28 21:02:47] Utilizatorul Chiticariu Marian [#1] s-a autentificat.
[2023-08-28 21:35:51] Utilizatorul Chiticariu Marian [#1] s-a autentificat.
[2023-08-29 00:30:46] Utilizatorul Chiticariu Marian [#1] s-a autentificat.
[2023-08-29 00:36:38] Contul utilizatorului [#3] a fost blocat de către administratorul Chiticariu Marian [#1].
[2023-08-29 00:36:40] Contul utilizatorului [#3] a fost blocat de către administratorul Chiticariu Marian [#1].
[2023-08-29 16:15:57] Utilizatorul Chiticariu Marian [#1] s-a autentificat.
[2023-08-29 17:26:10] Utilizatorul Chiticariu Marian [#11] s-a autentificat.
[2023-08-29 17:26:44] Utilizatorul Chiticariu Marian [#11] s-a autentificat.
[2023-08-29 17:29:01] Utilizatorul Chiticariu Marian [#11] și-a actualizat profilul.
[2023-08-29 17:29:07] Utilizatorul Chiticariu Marian [#11] și-a actualizat profilul.
[2023-08-29 17:29:08] Utilizatorul Chiticariu Marian [#11] și-a actualizat profilul.
[2023-08-29 18:20:29] Utilizatorul Chiticariu Marian [#11] s-a autentificat.
[2023-08-29 20:32:30] Utilizatorul Chiticariu Marian [#11] s-a autentificat.
[2023-08-29 22:05:46] Utilizatorul Chiticariu Marian [#11] s-a autentificat.
[2023-08-29 22:13:09] Utilizatorul Chiticariu Marian [#11] s-a autentificat.
[2023-08-29 22:14:11] Utilizator nou înregistrat: Banu Matei [#12]
[2023-08-29 22:14:39] Utilizatorul Banu Matei [#12] s-a autentificat.
[2023-08-29 22:15:25] Utilizatorul Chiticariu Marian [#11] s-a autentificat.
[2023-08-29 22:23:30] Utilizatorul Chiticariu Marian [#11] s-a autentificat.
[2023-08-30 20:53:13] Utilizatorul Banu Matei [#12] s-a autentificat.
[2023-08-31 00:16:31] Utilizatorul Chiticariu Marian [#11] s-a autentificat.
[2023-09-03 08:38:26] Utilizatorul Banu Matei [#12] s-a autentificat.
[2023-09-09 14:01:31] Utilizatorul Chiticariu Marian [#11] s-a autentificat.
[2023-09-09 14:02:48] Utilizatorul Test Marian [#11] și-a actualizat profilul.
[2023-09-09 14:03:01] Utilizatorul Test Marian [#11] s-a autentificat.
[2023-09-09 14:57:55] Utilizatorul Test Marian [#11] s-a autentificat.
[2023-09-10 20:30:47] Utilizatorul Banu Matei [#12] s-a autentificat.
[2023-09-12 13:20:38] Utilizatorul Banu Matei [#12] s-a autentificat.
[2023-09-12 17:00:02] Utilizatorul Banu Matei [#12] s-a autentificat.
[2023-09-20 17:12:36] Utilizatorul Test Marian [#11] s-a autentificat.
[2023-09-22 14:46:26] Utilizatorul Banu Matei [#12] s-a autentificat.
[2023-09-29 20:46:03] Utilizatorul Banu Matei [#12] s-a autentificat.
[2023-09-29 20:47:48] Utilizatorul Banu Matei [#12] s-a autentificat.
[2023-10-03 16:54:56] Utilizatorul Test Marian [#11] s-a autentificat.
[2023-10-03 18:59:07] Utilizatorul Banu Matei [#12] s-a autentificat.
[2023-10-05 15:04:18] Utilizatorul Banu Matei [#12] s-a autentificat.
[2023-10-06 11:59:49] Utilizatorul Test Marian [#11] s-a autentificat.
[2023-10-06 19:40:27] Utilizatorul Banu Matei [#12] s-a autentificat.
[2023-10-11 09:33:20] Utilizatorul Banu Matei [#12] s-a autentificat.
[2023-10-15 12:52:01] Utilizatorul Banu Matei [#12] s-a autentificat.
[2023-11-01 08:29:36] Utilizatorul Banu Matei [#12] s-a autentificat.
[2023-11-08 23:34:34] Utilizatorul Test Marian [#11] s-a autentificat.
[2023-11-09 20:01:19] Utilizatorul Test Marian [#11] s-a autentificat.
[2023-11-11 15:29:57] Utilizatorul Banu Matei [#12] s-a autentificat.
[2023-11-15 12:57:02] Utilizatorul Test Marian [#11] s-a autentificat.
[2023-12-18 19:51:33] Utilizatorul Test Marian [#11] s-a autentificat.
[2023-12-18 20:22:19] Utilizatorul Test Marian [#11] s-a autentificat.
[2023-12-18 20:25:19] Utilizatorul Test Marian [#11] s-a autentificat.
[2023-12-20 01:20:39] Utilizatorul Test Marian [#11] s-a autentificat.
[2023-12-20 02:10:42] Utilizatorul Chiticariu Marian [#11] și-a actualizat profilul.
[2023-12-20 16:13:06] Utilizatorul Chiticariu Marian [#11] s-a autentificat.
[2023-12-20 16:39:59] Utilizatorul Chiticariu Marian [#11] s-a autentificat.
[2023-12-21 01:33:20] Utilizatorul Chiticariu Marian [#11] s-a autentificat.
[2023-12-21 15:41:43] Utilizatorul Chiticariu Marian [#11] s-a autentificat.
[2023-12-21 15:45:02] Postarea cu numărul [#2] a fost modificată de către administratorul Chiticariu Marian [#11].
[2023-12-21 15:45:24] Postarea cu numărul [#2] a fost modificată de către administratorul Chiticariu Marian [#11].
[2023-12-21 17:39:54] Utilizatorul Chiticariu Marian [#11] s-a autentificat.
[2024-01-05 17:11:28] Utilizatorul Chiticariu Marian [#11] s-a autentificat.
